INFO:  latexindent version 3.9.1, 2021-03-21, a script to indent .tex files
       latexindent lives here: /usr/local/texlive/2021/texmf-dist/scripts/latexindent/
       Sat Sep 25 16:37:05 2021
       Filename: /Users/marko/dev/tex/rl-mm/__latexindent_temp.tex
INFO:  Processing switches:
       -y|--yaml: YAML settings specified via command line
       -c|--cruft: cruft directory
INFO:  Directory for backup files and /Users/marko/dev/tex/rl-trading-ex//indent.log: /Users/marko/dev/tex/rl-trading-ex/
INFO:  YAML settings read: defaultSettings.yaml
        Reading defaultSettings.yaml from /usr/local/texlive/2021/texmf-dist/scripts/latexindent/defaultSettings.yaml
INFO:  YAML settings read: indentconfig.yaml or .indentconfig.yaml
       Home directory is /Users/marko (didn't find either indentconfig.yaml or .indentconfig.yaml)
       To specify user settings you would put indentconfig.yaml here: /Users/marko/indentconfig.yaml
       Alternatively, you can use the hidden file .indentconfig.yaml as: /Users/marko/.indentconfig.yaml
INFO:  YAML settings read: -y switch
       YAML setting: defaultIndent:'    '
       Updating masterSettings with defaultIndent:     
INFO:  Phase 1: searching for objects
INFO:  Phase 2: finding surrounding indentation
INFO:  Phase 3: indenting objects
INFO:  Phase 4: final indentation check
INFO:  Output routine:
       Not outputting to file; see -w and -o switches for more options.
       --------------
INFO:  Please direct all communication/issues to:
        https://github.com/cmhughes/latexindent.pl
